<?xml version="1.0" encoding="UTF-8"?>
<!-- Generated by org.testng.reporters.JUnitReportReporter -->
<testsuite skipped="0" hostname="SUBNANDI-WT1" name="cucumber.Options.TestRunner" tests="1" failures="0" timestamp="07 Sep 2020 17:01:54 GMT" time="63.583" errors="0">
  <testcase name="feature" time="63.583" classname="cucumber.Options.TestRunner"/>
</testsuite> <!-- cucumber.Options.TestRunner -->
